0 info it worked if it ends with ok
1 verbose cli [
1 verbose cli   'C:\\Users\\ADMIN\\node_modules\\node\\bin\\node.exe',
1 verbose cli   'C:\\Users\\ADMIN\\node_modules\\npm\\bin\\npm-cli.js',
1 verbose cli   'start'
1 verbose cli ]
2 info using npm@2.15.12
3 info using node@v22.7.0
4 verbose run-script [ 'prestart', 'start', 'poststart' ]
5 info prestart art-shop@1.0.0
6 info start art-shop@1.0.0
7 verbose unsafe-perm in lifecycle true
8 info art-shop@1.0.0 Failed to exec start script
9 verbose stack Error: art-shop@1.0.0 start: `tsx ./src/server.ts`
9 verbose stack Exit status 1
9 verbose stack     at EventEmitter.<anonymous> (C:\Users\ADMIN\node_modules\npm\lib\utils\lifecycle.js:217:16)
9 verbose stack     at EventEmitter.emit (node:events:520:28)
9 verbose stack     at ChildProcess.<anonymous> (C:\Users\ADMIN\node_modules\npm\lib\utils\spawn.js:24:14)
9 verbose stack     at ChildProcess.emit (node:events:520:28)
9 verbose stack     at maybeClose (node:internal/child_process:1105:16)
9 verbose stack     at ChildProcess._handle.onexit (node:internal/child_process:305:5)
10 verbose pkgid art-shop@1.0.0
11 verbose cwd C:\Users\ADMIN\Desktop\Art shop
12 error Windows_NT 10.0.19045
13 error argv "C:\\Users\\ADMIN\\node_modules\\node\\bin\\node.exe" "C:\\Users\\ADMIN\\node_modules\\npm\\bin\\npm-cli.js" "start"
14 error node v22.7.0
15 error npm  v2.15.12
16 error code ELIFECYCLE
17 error art-shop@1.0.0 start: `tsx ./src/server.ts`
17 error Exit status 1
18 error Failed at the art-shop@1.0.0 start script 'tsx ./src/server.ts'.
18 error This is most likely a problem with the art-shop package,
18 error not with npm itself.
18 error Tell the author that this fails on your system:
18 error     tsx ./src/server.ts
18 error You can get information on how to open an issue for this project with:
18 error     npm bugs art-shop
18 error Or if that isn't available, you can get their info via:
18 error
18 error     npm owner ls art-shop
18 error There is likely additional logging output above.
19 verbose exit [ 1, true ]
